::1 - - [26/Jun/2020:18:01:16 -0500] "GET / HTTP/1.1" 302 - "-" "Mozilla/5.0 (Windows NT 10.0; Win64; x64) AppleWebKit/537.36 (KHTML, like Gecko) Chrome/83.0.4103.116 Safari/537.36"
::1 - - [26/Jun/2020:18:01:16 -0500] "GET /dashboard/ HTTP/1.1" 200 7576 "-" "Mozilla/5.0 (Windows NT 10.0; Win64; x64) AppleWebKit/537.36 (KHTML, like Gecko) Chrome/83.0.4103.116 Safari/537.36"
::1 - - [26/Jun/2020:18:01:17 -0500] "GET /dashboard/stylesheets/normalize.css HTTP/1.1" 200 6876 "http://localhost/dashboard/" "Mozilla/5.0 (Windows NT 10.0; Win64; x64) AppleWebKit/537.36 (KHTML, like Gecko) Chrome/83.0.4103.116 Safari/537.36"
::1 - - [26/Jun/2020:18:01:17 -0500] "GET /dashboard/stylesheets/all.css HTTP/1.1" 200 481698 "http://localhost/dashboard/" "Mozilla/5.0 (Windows NT 10.0; Win64; x64) AppleWebKit/537.36 (KHTML, like Gecko) Chrome/83.0.4103.116 Safari/537.36"
::1 - - [26/Jun/2020:18:01:17 -0500] "GET /dashboard/javascripts/modernizr.js HTTP/1.1" 200 51365 "http://localhost/dashboard/" "Mozilla/5.0 (Windows NT 10.0; Win64; x64) AppleWebKit/537.36 (KHTML, like Gecko) Chrome/83.0.4103.116 Safari/537.36"
::1 - - [26/Jun/2020:18:01:17 -0500] "GET /dashboard/javascripts/all.js HTTP/1.1" 200 188385 "http://localhost/dashboard/" "Mozilla/5.0 (Windows NT 10.0; Win64; x64) AppleWebKit/537.36 (KHTML, like Gecko) Chrome/83.0.4103.116 Safari/537.36"
::1 - - [26/Jun/2020:18:01:17 -0500] "GET /dashboard/images/fastly-logo.png HTTP/1.1" 200 1770 "http://localhost/dashboard/" "Mozilla/5.0 (Windows NT 10.0; Win64; x64) AppleWebKit/537.36 (KHTML, like Gecko) Chrome/83.0.4103.116 Safari/537.36"
::1 - - [26/Jun/2020:18:01:17 -0500] "GET /dashboard/images/bitnami-xampp.png HTTP/1.1" 200 22133 "http://localhost/dashboard/" "Mozilla/5.0 (Windows NT 10.0; Win64; x64) AppleWebKit/537.36 (KHTML, like Gecko) Chrome/83.0.4103.116 Safari/537.36"
::1 - - [26/Jun/2020:18:01:17 -0500] "GET /dashboard/images/social-icons.png HTTP/1.1" 200 3361 "http://localhost/dashboard/stylesheets/all.css" "Mozilla/5.0 (Windows NT 10.0; Win64; x64) AppleWebKit/537.36 (KHTML, like Gecko) Chrome/83.0.4103.116 Safari/537.36"
::1 - - [26/Jun/2020:18:01:17 -0500] "GET /dashboard/images/xampp-logo.svg HTTP/1.1" 200 5427 "http://localhost/dashboard/" "Mozilla/5.0 (Windows NT 10.0; Win64; x64) AppleWebKit/537.36 (KHTML, like Gecko) Chrome/83.0.4103.116 Safari/537.36"
::1 - - [26/Jun/2020:18:01:17 -0500] "GET /dashboard/images/favicon.png HTTP/1.1" 200 2508 "http://localhost/dashboard/" "Mozilla/5.0 (Windows NT 10.0; Win64; x64) AppleWebKit/537.36 (KHTML, like Gecko) Chrome/83.0.4103.116 Safari/537.36"
::1 - - [26/Jun/2020:18:06:06 -0500] "GET / HTTP/1.1" 302 - "-" "Mozilla/5.0 (Windows NT 10.0; Win64; x64) AppleWebKit/537.36 (KHTML, like Gecko) Chrome/83.0.4103.116 Safari/537.36"
::1 - - [26/Jun/2020:18:11:29 -0500] "GET /practicas/formulario_contacto HTTP/1.1" 404 1165 "-" "Mozilla/5.0 (Windows NT 10.0; Win64; x64) AppleWebKit/537.36 (KHTML, like Gecko) Chrome/83.0.4103.116 Safari/537.36"
::1 - - [26/Jun/2020:18:11:30 -0500] "GET /favicon.ico HTTP/1.1" 200 30894 "http://localhost/practicas/formulario_contacto" "Mozilla/5.0 (Windows NT 10.0; Win64; x64) AppleWebKit/537.36 (KHTML, like Gecko) Chrome/83.0.4103.116 Safari/537.36"
::1 - - [26/Jun/2020:18:11:35 -0500] "GET / HTTP/1.1" 302 - "http://localhost/practicas/formulario_contacto" "Mozilla/5.0 (Windows NT 10.0; Win64; x64) AppleWebKit/537.36 (KHTML, like Gecko) Chrome/83.0.4103.116 Safari/537.36"
::1 - - [26/Jun/2020:19:31:45 -0500] "GET / HTTP/1.1" 302 - "-" "Mozilla/5.0 (Windows NT 10.0; Win64; x64) AppleWebKit/537.36 (KHTML, like Gecko) Chrome/83.0.4103.116 Safari/537.36"
::1 - - [26/Jun/2020:19:38:24 -0500] "GET /htdocs/practicas/formulario_contacto HTTP/1.1" 404 1165 "-" "Mozilla/5.0 (Windows NT 10.0; Win64; x64; rv:77.0) Gecko/20100101 Firefox/77.0"
::1 - - [26/Jun/2020:19:38:25 -0500] "GET /favicon.ico HTTP/1.1" 200 30894 "-" "Mozilla/5.0 (Windows NT 10.0; Win64; x64; rv:77.0) Gecko/20100101 Firefox/77.0"
::1 - - [26/Jun/2020:20:19:58 -0500] "GET /htdocs/practicas HTTP/1.1" 404 1165 "-" "Mozilla/5.0 (Windows NT 10.0; Win64; x64; rv:77.0) Gecko/20100101 Firefox/77.0"
::1 - - [26/Jun/2020:20:21:57 -0500] "GET /curso_ph/practicas HTTP/1.1" 404 1165 "-" "Mozilla/5.0 (Windows NT 10.0; Win64; x64; rv:77.0) Gecko/20100101 Firefox/77.0"
::1 - - [26/Jun/2020:20:36:55 -0500] "GET /htdocs/practicas/formulario_contacto HTTP/1.1" 404 1165 "-" "Mozilla/5.0 (Windows NT 10.0; Win64; x64; rv:77.0) Gecko/20100101 Firefox/77.0"
::1 - - [26/Jun/2020:20:38:52 -0500] "GET /formulario_contacto HTTP/1.1" 301 344 "-" "Mozilla/5.0 (Windows NT 10.0; Win64; x64; rv:77.0) Gecko/20100101 Firefox/77.0"
::1 - - [26/Jun/2020:20:38:52 -0500] "GET /formulario_contacto/ HTTP/1.1" 200 763 "-" "Mozilla/5.0 (Windows NT 10.0; Win64; x64; rv:77.0) Gecko/20100101 Firefox/77.0"
::1 - - [26/Jun/2020:20:38:53 -0500] "GET /formulario_contacto/css/estilos.css HTTP/1.1" 404 1320 "http://localhost/formulario_contacto/" "Mozilla/5.0 (Windows NT 10.0; Win64; x64; rv:77.0) Gecko/20100101 Firefox/77.0"
::1 - - [26/Jun/2020:20:42:34 -0500] "GET /formulario_contacto/ HTTP/1.1" 200 763 "-" "Mozilla/5.0 (Windows NT 10.0; Win64; x64; rv:77.0) Gecko/20100101 Firefox/77.0"
::1 - - [26/Jun/2020:20:42:34 -0500] "GET /formulario_contacto/css/estilos.css HTTP/1.1" 404 1320 "http://localhost/formulario_contacto/" "Mozilla/5.0 (Windows NT 10.0; Win64; x64; rv:77.0) Gecko/20100101 Firefox/77.0"
::1 - - [26/Jun/2020:20:42:34 -0500] "GET /favicon.ico HTTP/1.1" 200 30894 "-" "Mozilla/5.0 (Windows NT 10.0; Win64; x64; rv:77.0) Gecko/20100101 Firefox/77.0"
::1 - - [26/Jun/2020:21:00:22 -0500] "GET /formulario_contacto/ HTTP/1.1" 200 763 "-" "Mozilla/5.0 (Windows NT 10.0; Win64; x64; rv:77.0) Gecko/20100101 Firefox/77.0"
::1 - - [26/Jun/2020:21:00:22 -0500] "GET /formulario_contacto/css/estilos.css HTTP/1.1" 404 1320 "http://localhost/formulario_contacto/" "Mozilla/5.0 (Windows NT 10.0; Win64; x64; rv:77.0) Gecko/20100101 Firefox/77.0"
::1 - - [26/Jun/2020:21:00:25 -0500] "GET /formulario_contacto/ HTTP/1.1" 200 763 "-" "Mozilla/5.0 (Windows NT 10.0; Win64; x64; rv:77.0) Gecko/20100101 Firefox/77.0"
::1 - - [26/Jun/2020:21:00:25 -0500] "GET /formulario_contacto/css/estilos.css HTTP/1.1" 404 1320 "http://localhost/formulario_contacto/" "Mozilla/5.0 (Windows NT 10.0; Win64; x64; rv:77.0) Gecko/20100101 Firefox/77.0"
::1 - - [26/Jun/2020:21:08:48 -0500] "GET /formulario_contacto/ HTTP/1.1" 200 373 "-" "Mozilla/5.0 (Windows NT 10.0; Win64; x64; rv:77.0) Gecko/20100101 Firefox/77.0"
::1 - - [26/Jun/2020:21:11:00 -0500] "GET /formulario_contacto/ HTTP/1.1" 200 759 "-" "Mozilla/5.0 (Windows NT 10.0; Win64; x64; rv:77.0) Gecko/20100101 Firefox/77.0"
::1 - - [26/Jun/2020:21:11:00 -0500] "GET /formulario_contacto/estilos.css HTTP/1.1" 200 1775 "http://localhost/formulario_contacto/" "Mozilla/5.0 (Windows NT 10.0; Win64; x64; rv:77.0) Gecko/20100101 Firefox/77.0"
::1 - - [26/Jun/2020:21:12:39 -0500] "POST /formulario_contacto/index.php HTTP/1.1" 200 1018 "http://localhost/formulario_contacto/" "Mozilla/5.0 (Windows NT 10.0; Win64; x64; rv:77.0) Gecko/20100101 Firefox/77.0"
::1 - - [26/Jun/2020:21:12:39 -0500] "GET /formulario_contacto/estilos.css HTTP/1.1" 304 - "http://localhost/formulario_contacto/index.php" "Mozilla/5.0 (Windows NT 10.0; Win64; x64; rv:77.0) Gecko/20100101 Firefox/77.0"
::1 - - [26/Jun/2020:21:20:27 -0500] "GET /formulario_contacto/ HTTP/1.1" 200 759 "-" "Mozilla/5.0 (Windows NT 10.0; Win64; x64; rv:77.0) Gecko/20100101 Firefox/77.0"
::1 - - [26/Jun/2020:21:20:27 -0500] "GET /formulario_contacto/estilos.css HTTP/1.1" 304 - "http://localhost/formulario_contacto/" "Mozilla/5.0 (Windows NT 10.0; Win64; x64; rv:77.0) Gecko/20100101 Firefox/77.0"
::1 - - [26/Jun/2020:21:20:43 -0500] "POST /formulario_contacto/index.php HTTP/1.1" 200 1018 "http://localhost/formulario_contacto/" "Mozilla/5.0 (Windows NT 10.0; Win64; x64; rv:77.0) Gecko/20100101 Firefox/77.0"
::1 - - [26/Jun/2020:21:25:55 -0500] "POST /formulario_contacto/index.php HTTP/1.1" 200 1117 "http://localhost/formulario_contacto/" "Mozilla/5.0 (Windows NT 10.0; Win64; x64; rv:77.0) Gecko/20100101 Firefox/77.0"
::1 - - [26/Jun/2020:21:25:56 -0500] "GET /formulario_contacto/estilos.css HTTP/1.1" 304 - "http://localhost/formulario_contacto/index.php" "Mozilla/5.0 (Windows NT 10.0; Win64; x64; rv:77.0) Gecko/20100101 Firefox/77.0"
::1 - - [26/Jun/2020:21:26:14 -0500] "POST /formulario_contacto/index.php HTTP/1.1" 200 1152 "http://localhost/formulario_contacto/index.php" "Mozilla/5.0 (Windows NT 10.0; Win64; x64; rv:77.0) Gecko/20100101 Firefox/77.0"
::1 - - [26/Jun/2020:21:54:00 -0500] "POST /formulario_contacto/index.php HTTP/1.1" 200 1117 "http://localhost/formulario_contacto/" "Mozilla/5.0 (Windows NT 10.0; Win64; x64; rv:77.0) Gecko/20100101 Firefox/77.0"
::1 - - [26/Jun/2020:21:54:01 -0500] "GET /formulario_contacto/estilos.css HTTP/1.1" 304 - "http://localhost/formulario_contacto/index.php" "Mozilla/5.0 (Windows NT 10.0; Win64; x64; rv:77.0) Gecko/20100101 Firefox/77.0"
::1 - - [26/Jun/2020:21:54:58 -0500] "POST /formulario_contacto/index.php HTTP/1.1" 200 895 "http://localhost/formulario_contacto/index.php" "Mozilla/5.0 (Windows NT 10.0; Win64; x64; rv:77.0) Gecko/20100101 Firefox/77.0"
::1 - - [26/Jun/2020:21:55:02 -0500] "POST /formulario_contacto/index.php HTTP/1.1" 200 895 "http://localhost/formulario_contacto/index.php" "Mozilla/5.0 (Windows NT 10.0; Win64; x64; rv:77.0) Gecko/20100101 Firefox/77.0"
::1 - - [26/Jun/2020:21:55:36 -0500] "POST /formulario_contacto/index.php HTTP/1.1" 200 896 "http://localhost/formulario_contacto/index.php" "Mozilla/5.0 (Windows NT 10.0; Win64; x64; rv:77.0) Gecko/20100101 Firefox/77.0"
::1 - - [26/Jun/2020:22:09:50 -0500] "POST /formulario_contacto/index.php HTTP/1.1" 200 896 "http://localhost/formulario_contacto/index.php" "Mozilla/5.0 (Windows NT 10.0; Win64; x64; rv:77.0) Gecko/20100101 Firefox/77.0"
::1 - - [26/Jun/2020:22:09:51 -0500] "GET /formulario_contacto/estilos.css HTTP/1.1" 304 - "http://localhost/formulario_contacto/index.php" "Mozilla/5.0 (Windows NT 10.0; Win64; x64; rv:77.0) Gecko/20100101 Firefox/77.0"
::1 - - [26/Jun/2020:22:10:05 -0500] "POST /formulario_contacto/index.php HTTP/1.1" 200 896 "http://localhost/formulario_contacto/index.php" "Mozilla/5.0 (Windows NT 10.0; Win64; x64; rv:77.0) Gecko/20100101 Firefox/77.0"
::1 - - [26/Jun/2020:22:10:08 -0500] "POST /formulario_contacto/index.php HTTP/1.1" 200 896 "http://localhost/formulario_contacto/index.php" "Mozilla/5.0 (Windows NT 10.0; Win64; x64; rv:77.0) Gecko/20100101 Firefox/77.0"
::1 - - [26/Jun/2020:22:11:19 -0500] "POST /formulario_contacto/index.php HTTP/1.1" 200 896 "http://localhost/formulario_contacto/index.php" "Mozilla/5.0 (Windows NT 10.0; Win64; x64; rv:77.0) Gecko/20100101 Firefox/77.0"
