[Fri Jun 26 17:50:10.803738 2020] [ssl:warn] [pid 14600:tid 692] AH01909: www.example.com:443:0 server certificate does NOT include an ID which matches the server name
[Fri Jun 26 17:50:10.996396 2020] [ssl:warn] [pid 14600:tid 692] AH01909: www.example.com:443:0 server certificate does NOT include an ID which matches the server name
[Fri Jun 26 17:50:11.151414 2020] [mpm_winnt:notice] [pid 14600:tid 692] AH00455: Apache/2.4.43 (Win64) OpenSSL/1.1.1g PHP/7.4.7 configured -- resuming normal operations
[Fri Jun 26 17:50:11.151414 2020] [mpm_winnt:notice] [pid 14600:tid 692] AH00456: Apache Lounge VC15 Server built: Apr 22 2020 11:11:00
[Fri Jun 26 17:50:11.151414 2020] [core:notice] [pid 14600:tid 692] AH00094: Command line: 'C:\\xampp\\apache\\bin\\httpd.exe -d C:/xampp/apache'
[Fri Jun 26 17:50:11.167424 2020] [mpm_winnt:notice] [pid 14600:tid 692] AH00418: Parent: Created child process 10932
[Fri Jun 26 17:50:11.851487 2020] [ssl:warn] [pid 10932:tid 652] AH01909: www.example.com:443:0 server certificate does NOT include an ID which matches the server name
[Fri Jun 26 17:50:12.000229 2020] [ssl:warn] [pid 10932:tid 652] AH01909: www.example.com:443:0 server certificate does NOT include an ID which matches the server name
[Fri Jun 26 17:50:12.064246 2020] [mpm_winnt:notice] [pid 10932:tid 652] AH00354: Child: Starting 150 worker threads.
[Fri Jun 26 18:00:06.816911 2020] [ssl:warn] [pid 8684:tid 684] AH01909: www.example.com:443:0 server certificate does NOT include an ID which matches the server name
[Fri Jun 26 18:00:06.989808 2020] [ssl:warn] [pid 8684:tid 684] AH01909: www.example.com:443:0 server certificate does NOT include an ID which matches the server name
[Fri Jun 26 18:00:07.071232 2020] [mpm_winnt:notice] [pid 8684:tid 684] AH00455: Apache/2.4.43 (Win64) OpenSSL/1.1.1g PHP/7.4.7 configured -- resuming normal operations
[Fri Jun 26 18:00:07.071232 2020] [mpm_winnt:notice] [pid 8684:tid 684] AH00456: Apache Lounge VC15 Server built: Apr 22 2020 11:11:00
[Fri Jun 26 18:00:07.071232 2020] [core:notice] [pid 8684:tid 684] AH00094: Command line: 'c:\\xampp\\apache\\bin\\httpd.exe -d C:/xampp/apache'
[Fri Jun 26 18:00:07.079246 2020] [mpm_winnt:notice] [pid 8684:tid 684] AH00418: Parent: Created child process 1616
[Fri Jun 26 18:00:07.766261 2020] [ssl:warn] [pid 1616:tid 664] AH01909: www.example.com:443:0 server certificate does NOT include an ID which matches the server name
[Fri Jun 26 18:00:07.976923 2020] [ssl:warn] [pid 1616:tid 664] AH01909: www.example.com:443:0 server certificate does NOT include an ID which matches the server name
[Fri Jun 26 18:00:08.048941 2020] [mpm_winnt:notice] [pid 1616:tid 664] AH00354: Child: Starting 150 worker threads.
[Fri Jun 26 19:28:30.313287 2020] [ssl:warn] [pid 2288:tid 716] AH01909: www.example.com:443:0 server certificate does NOT include an ID which matches the server name
[Fri Jun 26 19:28:30.535158 2020] [core:warn] [pid 2288:tid 716] AH00098: pid file C:/xampp/apache/logs/httpd.pid overwritten -- Unclean shutdown of previous Apache run?
[Fri Jun 26 19:28:30.560798 2020] [ssl:warn] [pid 2288:tid 716] AH01909: www.example.com:443:0 server certificate does NOT include an ID which matches the server name
[Fri Jun 26 19:28:30.646103 2020] [mpm_winnt:notice] [pid 2288:tid 716] AH00455: Apache/2.4.43 (Win64) OpenSSL/1.1.1g PHP/7.4.7 configured -- resuming normal operations
[Fri Jun 26 19:28:30.646103 2020] [mpm_winnt:notice] [pid 2288:tid 716] AH00456: Apache Lounge VC15 Server built: Apr 22 2020 11:11:00
[Fri Jun 26 19:28:30.646103 2020] [core:notice] [pid 2288:tid 716] AH00094: Command line: 'c:\\xampp\\apache\\bin\\httpd.exe -d C:/xampp/apache'
[Fri Jun 26 19:28:30.646103 2020] [mpm_winnt:notice] [pid 2288:tid 716] AH00418: Parent: Created child process 4204
[Fri Jun 26 19:28:31.449023 2020] [ssl:warn] [pid 4204:tid 656] AH01909: www.example.com:443:0 server certificate does NOT include an ID which matches the server name
[Fri Jun 26 19:28:31.670721 2020] [ssl:warn] [pid 4204:tid 656] AH01909: www.example.com:443:0 server certificate does NOT include an ID which matches the server name
[Fri Jun 26 19:28:31.758752 2020] [mpm_winnt:notice] [pid 4204:tid 656] AH00354: Child: Starting 150 worker threads.
[Fri Jun 26 21:08:48.207349 2020] [php7:warn] [pid 4204:tid 1900] [client ::1:52751] PHP Warning:  require(index.view.php): failed to open stream: No such file or directory in C:\\xampp\\htdocs\\formulario_contacto\\index.php on line 48
[Fri Jun 26 21:08:48.207349 2020] [php7:error] [pid 4204:tid 1900] [client ::1:52751] PHP Fatal error:  require(): Failed opening required 'index.view.php' (include_path='C:\\xampp\\php\\PEAR') in C:\\xampp\\htdocs\\formulario_contacto\\index.php on line 48
[Fri Jun 26 21:12:39.795800 2020] [php7:notice] [pid 4204:tid 1900] [client ::1:52768] PHP Notice:  Undefined index: correo in C:\\xampp\\htdocs\\formulario_contacto\\index.php on line 8, referer: http://localhost/formulario_contacto/
[Fri Jun 26 21:20:43.307982 2020] [php7:notice] [pid 4204:tid 1900] [client ::1:52792] PHP Notice:  Undefined index: correo in C:\\xampp\\htdocs\\formulario_contacto\\index.php on line 8, referer: http://localhost/formulario_contacto/
[Fri Jun 26 21:25:55.841713 2020] [php7:notice] [pid 4204:tid 1900] [client ::1:52807] PHP Notice:  Undefined index: correo in C:\\xampp\\htdocs\\formulario_contacto\\index.php on line 8, referer: http://localhost/formulario_contacto/
[Fri Jun 26 21:26:14.059395 2020] [php7:notice] [pid 4204:tid 1900] [client ::1:52811] PHP Notice:  Undefined index: correo in C:\\xampp\\htdocs\\formulario_contacto\\index.php on line 8, referer: http://localhost/formulario_contacto/index.php
[Fri Jun 26 21:54:00.936445 2020] [php7:notice] [pid 4204:tid 1900] [client ::1:53012] PHP Notice:  Undefined index: correo in C:\\xampp\\htdocs\\formulario_contacto\\index.php on line 8, referer: http://localhost/formulario_contacto/
